<?xml version="1.0" encoding="UTF-8"?>
<testExecutions version="1">
  <file path="C:\Users\Mattia\Desktop\spg\server\tests\apis.spec.js">
    <testCase name="tests GET /api/products" duration="188"/>
    <testCase name="tests GET /api/clients" duration="33"/>
    <testCase name="tests GET /api/clients/:id" duration="29"/>
    <testCase name="tests PUT /api/clients/:id/wallet" duration="64"/>
    <testCase name="tests GET /api/orders" duration="26"/>
    <testCase name="tests GET /api/orders/:id" duration="28"/>
    <testCase name="tests POST /api/orders" duration="236"/>
    <testCase name="tests POST /api/addNewUser" duration="410"/>
    <testCase name="tests error POST /api/addNewUser" duration="32"/>
    <testCase name="login" duration="141"/>
    <testCase name="tests POST /api/products" duration="119"/>
    <testCase name="tests PUT /api/products/:id" duration="169"/>
    <testCase name="logout" duration="35"/>
    <testCase name="tests delete /api/sessions/current" duration="42"/>
    <testCase name="tests get /api/sessions/current" duration="47"/>
    <testCase name="tests get /api/nextProducts without performing the login" duration="54"/>
    <testCase name="login" duration="167"/>
    <testCase name="tests get /api/nextProducts after the login as a customer not on sunday" duration="262"/>
    <testCase name="login" duration="147"/>
    <testCase name="tests get /api/nextProducts after the login as a customer on sunday" duration="85"/>
    <testCase name="tests fet /api/nextProducts in the current week" duration="54"/>
    <testCase name="login" duration="181"/>
    <testCase name="tests get /api/nextProducts after the login as a farmer" duration="21"/>
    <testCase name="tests post /api/session" duration="148"/>
    <testCase name="tests post /api/session error" duration="139"/>
    <testCase name="tests PUT /api/clients/basket/:id" duration="20"/>
    <testCase name="tests GET /api/wallet/:id" duration="23">
      <failure message="TypeError: response.body.forEach is not a function"><![CDATA[TypeError: response.body.forEach is not a function
    at Object.<anonymous> (C:\Users\Mattia\Desktop\spg\server\tests\apis.spec.js:452:19)
    at processTicksAndRejections (internal/process/task_queues.js:95:5)]]></failure>
    </testCase>
  </file>
</testExecutions>